<?xml version="1.0" encoding="UTF-8"?>
<testng-results skipped="0" failed="0" ignored="0" total="1" passed="1">
  <reporter-output>
  </reporter-output>
  <suite name="ReadDataTest" duration-ms="105" started-at="2022-03-14T16:08:56 IST" finished-at="2022-03-14T16:08:56 IST">
    <groups>
    </groups>
    <test name="Command line test" duration-ms="105" started-at="2022-03-14T16:08:56 IST" finished-at="2022-03-14T16:08:56 IST">
      <class name="ReadDataTest">
        <test-method status="PASS" signature="readdata()[pri:0, instance:ReadDataTest@e25b2fe]" name="readdata" duration-ms="8" started-at="2022-03-14T16:08:56 IST" finished-at="2022-03-14T16:08:56 IST">
          <reporter-output>
          </reporter-output>
        </test-method> <!-- readdata -->
      </class> <!-- ReadDataTest -->
    </test> <!-- Command line test -->
  </suite> <!-- ReadDataTest -->
</testng-results>
