<?xml version="1.0" encoding="UTF-8"?>
<testng-results ignored="0" total="1" passed="1" failed="0" skipped="0">
  <reporter-output>
  </reporter-output>
  <suite started-at="2022-03-14T12:43:12 IST" name="Default suite" finished-at="2022-03-14T12:43:12 IST" duration-ms="95">
    <groups>
    </groups>
    <test started-at="2022-03-14T12:43:12 IST" name="Default test" finished-at="2022-03-14T12:43:12 IST" duration-ms="95">
      <class name="FirstScriptTest">
        <test-method signature="firstscript()[pri:0, instance:FirstScriptTest@1649b0e6]" started-at="2022-03-14T12:43:12 IST" name="firstscript" finished-at="2022-03-14T12:43:12 IST" duration-ms="10" status="PASS">
          <reporter-output>
          </reporter-output>
        </test-method> <!-- firstscript -->
      </class> <!-- FirstScriptTest -->
    </test> <!-- Default test -->
  </suite> <!-- Default suite -->
</testng-results>
